\BOOKMARK [1][-]{section.1}{\376\377\000M\000e\000a\000s\000u\000r\000e\000\040\000T\000h\000e\000o\000r\000y}{}% 1
\BOOKMARK [2][-]{subsection.1.1}{\376\377\000E\000x\000p\000e\000c\000t\000a\000t\000i\000o\000n}{section.1}% 2
\BOOKMARK [1][-]{section.2}{\376\377\000L\000a\000w\000\040\000o\000f\000\040\000L\000a\000r\000g\000e\000\040\000N\000u\000m\000b\000e\000r\000s}{}% 3
\BOOKMARK [2][-]{subsection.2.1}{\376\377\000A\000l\000m\000o\000s\000t\000\040\000S\000u\000r\000e\000l\000y\000\040\000C\000o\000n\000v\000e\000r\000g\000e\000n\000c\000e}{section.2}% 4
\BOOKMARK [1][-]{section.3}{\376\377\000C\000e\000n\000t\000r\000a\000l\000\040\000L\000i\000m\000i\000t\000\040\000T\000h\000e\000o\000r\000e\000m}{}% 5
\BOOKMARK [1][-]{section.4}{\376\377\000R\000a\000n\000d\000o\000m\000\040\000W\000a\000l\000k\000s}{}% 6
\BOOKMARK [2][-]{subsection.4.1}{\376\377\000S\000t\000o\000p\000p\000i\000n\000g\000\040\000T\000i\000m\000e\000s\000\040\000\050\000A\000.\0001\000.\0001\000\051}{section.4}% 7
\BOOKMARK [2][-]{subsection.4.2}{\376\377\000R\000e\000c\000u\000r\000r\000e\000n\000c\000e\000\040\000v\000s\000.\000\040\000T\000r\000a\000n\000s\000i\000e\000n\000c\000e\000\040\000\050\000A\000.\0001\000.\0002\000\051}{section.4}% 8
\BOOKMARK [2][-]{subsection.4.3}{\376\377\000R\000e\000f\000l\000e\000c\000t\000i\000o\000n\000\040\000P\000r\000i\000n\000c\000i\000p\000l\000e\000\040\000a\000n\000d\000\040\000A\000r\000c\000s\000i\000n\000e\000\040\000D\000i\000s\000t\000r\000i\000b\000u\000t\000i\000o\000n\000\040\000\050\000A\000.\0001\000.\0003\000\051}{section.4}% 9
\BOOKMARK [1][-]{section.5}{\376\377\000M\000a\000r\000t\000i\000n\000g\000a\000l\000e\000s}{}% 10
\BOOKMARK [2][-]{subsection.5.1}{\376\377\000C\000o\000n\000d\000i\000t\000i\000o\000n\000a\000l\000\040\000e\000x\000p\000e\000c\000t\000a\000t\000i\000o\000n\000\040\000A\000.\0002\000.\0001}{section.5}% 11
\BOOKMARK [2][-]{subsection.5.2}{\376\377\000M\000a\000r\000t\000i\000n\000g\000a\000l\000e\000s}{section.5}% 12
\BOOKMARK [2][-]{subsection.5.3}{\376\377\000M\000a\000r\000t\000i\000n\000g\000a\000l\000e\000\040\000c\000o\000n\000v\000e\000r\000g\000e\000n\000c\000e}{section.5}% 13
\BOOKMARK [2][-]{subsection.5.4}{\376\377\000D\000o\000o\000b\000'\000s\000\040\000i\000n\000e\000q\000u\000a\000l\000i\000t\000y\000;\000\040\000L\000p\000\040\000c\000o\000n\000v\000e\000r\000g\000e\000n\000c\000e\000;\000\040\000C\000L\000T}{section.5}% 14
\BOOKMARK [1][-]{section.6}{\376\377\000T\000e\000c\000h\000n\000i\000q\000u\000e\000s}{}% 15
\BOOKMARK [2][-]{subsection.6.1}{\376\377\000C\000o\000n\000v\000e\000r\000g\000e\000n\000c\000e}{section.6}% 16
\BOOKMARK [3][-]{subsubsection.6.1.1}{\376\377\000C\000o\000n\000v\000e\000r\000g\000e\000n\000c\000e\000\040\000o\000f\000\040\000r\000a\000n\000d\000o\000m\000\040\000s\000e\000r\000i\000e\000s}{subsection.6.1}% 17
\BOOKMARK [1][-]{appendix.A}{\376\377\000P\000r\000o\000o\000f\000s}{}% 18
\BOOKMARK [2][-]{subsection.A.1}{\376\377\000P\000r\000o\000o\000f\000s\000\040\000-\000\040\0004}{appendix.A}% 19
\BOOKMARK [3][-]{subsubsection.A.1.1}{\376\377\000P\000r\000o\000o\000f\000s\000\040\000-\000\040\0004\000.\0001}{subsection.A.1}% 20
\BOOKMARK [3][-]{subsubsection.A.1.2}{\376\377\000P\000r\000o\000o\000f\000s\000\040\000-\000\040\0004\000.\0002}{subsection.A.1}% 21
\BOOKMARK [3][-]{subsubsection.A.1.3}{\376\377\000P\000r\000o\000o\000f\000s\000\040\000-\000\040\0004\000.\0003}{subsection.A.1}% 22
\BOOKMARK [2][-]{subsection.A.2}{\376\377\000P\000r\000o\000o\000f\000s\000\040\000-\000\040\0005}{appendix.A}% 23
\BOOKMARK [3][-]{subsubsection.A.2.1}{\376\377\000P\000r\000o\000o\000f\000s\000\040\000-\000\040\0005\000.\0001}{subsection.A.2}% 24
