\BOOKMARK [0][-]{chapter.1}{\376\377\000P\000r\000e\000l\000i\000m\000i\000n\000a\000r\000y}{}% 1
\BOOKMARK [1][-]{section.1.1}{\376\377\000D\000i\000s\000t\000r\000i\000b\000u\000t\000i\000o\000n\000s}{chapter.1}% 2
\BOOKMARK [2][-]{subsection.1.1.1}{\376\377\0002\000\040\000d\000i\000s\000t\000r\000i\000b\000u\000t\000i\000o\000n}{section.1.1}% 3
\BOOKMARK [0][-]{chapter.2}{\376\377\000S\000t\000a\000t\000i\000s\000t\000i\000c\000a\000l\000\040\000i\000n\000f\000e\000r\000e\000n\000c\000e\000\040\000f\000u\000n\000d\000a\000m\000e\000n\000t\000a\000l\000s}{}% 4
\BOOKMARK [1][-]{section.2.1}{\376\377\000S\000t\000a\000t\000i\000s\000t\000i\000c\000a\000l\000\040\000M\000o\000d\000e\000l\000s}{chapter.2}% 5
\BOOKMARK [1][-]{section.2.2}{\376\377\000P\000r\000i\000n\000c\000i\000p\000l\000e\000s\000\040\000o\000f\000\040\000D\000a\000t\000a\000\040\000R\000e\000d\000u\000c\000t\000i\000o\000n}{chapter.2}% 6
\BOOKMARK [2][-]{subsection.2.2.1}{\376\377\000S\000u\000f\000f\000i\000c\000i\000e\000n\000c\000y\000\040\000P\000r\000i\000n\000c\000i\000p\000l\000e}{section.2.2}% 7
\BOOKMARK [2][-]{subsection.2.2.2}{\376\377\000L\000i\000k\000e\000l\000i\000h\000o\000o\000d\000\040\000p\000r\000i\000n\000c\000i\000p\000l\000e}{section.2.2}% 8
\BOOKMARK [1][-]{section.2.3}{\376\377\000M\000-\000e\000s\000t\000i\000m\000a\000t\000i\000o\000n}{chapter.2}% 9
\BOOKMARK [2][-]{subsection.2.3.1}{\376\377\000A\000s\000y\000m\000p\000t\000o\000t\000i\000c\000\040\000p\000r\000o\000p\000e\000r\000t\000i\000e\000s}{section.2.3}% 10
\BOOKMARK [0][-]{chapter.3}{\376\377\000M\000u\000l\000t\000i\000v\000a\000r\000i\000a\000t\000e\000\040\000I\000n\000f\000e\000r\000e\000n\000c\000e\000\040\000F\000u\000n\000d\000a\000m\000e\000n\000t\000a\000l\000s}{}% 11
\BOOKMARK [1][-]{section.3.1}{\376\377\000R\000a\000n\000d\000o\000m\000\040\000v\000e\000c\000t\000o\000r\000s\000\040\000a\000n\000d\000\040\000d\000i\000s\000t\000r\000i\000b\000u\000t\000i\000o\000n\000s}{chapter.3}% 12
\BOOKMARK [2][-]{subsection.3.1.1}{\376\377\000M\000u\000l\000t\000i\000v\000a\000r\000i\000a\000t\000e\000\040\000n\000o\000r\000m\000a\000l\000\040\000d\000i\000s\000t\000r\000i\000b\000u\000t\000i\000o\000n}{section.3.1}% 13
\BOOKMARK [2][-]{subsection.3.1.2}{\376\377\000T\000h\000e\000\040\000n\000o\000n\000c\000e\000n\000t\000r\000a\000l\000\040\0002\000\040\000a\000n\000d\000\040\000F\000\040\000d\000i\000s\000t\000r\000i\000b\000u\000t\000i\000o\000n}{section.3.1}% 14
\BOOKMARK [1][-]{section.3.2}{\376\377\000A\000s\000y\000m\000p\000t\000o\000t\000i\000c\000\040\000p\000r\000o\000p\000e\000r\000t\000i\000e\000s}{chapter.3}% 15
\BOOKMARK [2][-]{subsection.3.2.1}{\376\377\000A\000s\000y\000m\000p\000t\000o\000t\000i\000c\000\040\000d\000i\000s\000t\000r\000i\000b\000u\000t\000i\000o\000n\000s\000\040\000o\000f\000\040\000s\000a\000m\000p\000l\000e\000\040\000m\000e\000a\000n\000s\000\040\000a\000n\000d\000\040\000c\000o\000v\000a\000r\000i\000a\000n\000c\000e\000\040\000m\000a\000t\000r\000i\000c\000e\000s}{section.3.2}% 16
\BOOKMARK [0][-]{chapter.4}{\376\377\000L\000i\000n\000e\000a\000r\000\040\000M\000o\000d\000e\000l\000s}{}% 17
\BOOKMARK [1][-]{section.4.1}{\376\377\000L\000i\000n\000e\000a\000r\000\040\000r\000e\000g\000r\000e\000s\000s\000i\000o\000n\000\040\000f\000o\000r\000\040\000t\000h\000e\000\040\000f\000u\000l\000l\000-\000r\000a\000n\000k\000\040\000m\000o\000d\000e\000l}{chapter.4}% 18
\BOOKMARK [2][-]{subsection.4.1.1}{\376\377\000O\000r\000d\000i\000n\000a\000r\000y\000\040\000l\000e\000a\000s\000t\000\040\000s\000q\000u\000a\000r\000e\000s\000\040\000\050\000O\000L\000S\000\051\000\040\000e\000s\000t\000i\000m\000a\000t\000i\000o\000n}{section.4.1}% 19
\BOOKMARK [2][-]{subsection.4.1.2}{\376\377\000W\000e\000i\000g\000h\000t\000e\000d\000\040\000l\000e\000a\000s\000t\000\040\000s\000q\000u\000a\000r\000e\000\040\000\050\000W\000L\000S\000\051\000\040\000e\000s\000t\000i\000m\000a\000t\000i\000o\000n}{section.4.1}% 20
\BOOKMARK [2][-]{subsection.4.1.3}{\376\377\000L\000S\000\040\000t\000h\000e\000o\000r\000y\000\040\000o\000f\000\040\000r\000a\000n\000d\000o\000m\000-\000e\000f\000f\000e\000c\000t\000\040\000m\000o\000d\000e\000l}{section.4.1}% 21
\BOOKMARK [2][-]{subsection.4.1.4}{\376\377\000N\000o\000r\000m\000a\000l\000\040\000l\000i\000n\000e\000a\000r\000\040\000m\000o\000d\000e\000l}{section.4.1}% 22
\BOOKMARK [2][-]{subsection.4.1.5}{\376\377\000P\000r\000o\000o\000f\000s}{section.4.1}% 23
\BOOKMARK [1][-]{section.4.2}{\376\377\000L\000i\000n\000e\000a\000r\000\040\000r\000e\000g\000r\000e\000s\000s\000i\000o\000n\000\040\000f\000o\000r\000\040\000t\000h\000e\000\040\000n\000o\000n\000\040\000f\000u\000l\000l\000-\000r\000a\000n\000k\000\040\000m\000o\000d\000e\000l\000s}{chapter.4}% 24
\BOOKMARK [1][-]{section.4.3}{\376\377\000Q\000u\000a\000n\000t\000i\000l\000e\000\040\000R\000e\000g\000r\000e\000s\000s\000i\000o\000n}{chapter.4}% 25
\BOOKMARK [2][-]{subsection.4.3.1}{\376\377\000S\000a\000m\000p\000l\000e\000\040\000q\000u\000a\000n\000t\000i\000l\000e}{section.4.3}% 26
\BOOKMARK [2][-]{subsection.4.3.2}{\376\377\000L\000i\000n\000e\000a\000r\000\040\000r\000e\000g\000r\000e\000s\000s\000i\000o\000n\000\040\000q\000u\000a\000n\000t\000i\000l\000e}{section.4.3}% 27
\BOOKMARK [2][-]{subsection.4.3.3}{\376\377\000P\000r\000o\000o\000f\000s}{section.4.3}% 28
\BOOKMARK [1][-]{section.4.4}{\376\377\000R\000e\000g\000u\000l\000a\000r\000i\000z\000a\000t\000i\000o\000n}{chapter.4}% 29
\BOOKMARK [2][-]{subsection.4.4.1}{\376\377\000M\000o\000t\000i\000v\000a\000t\000i\000o\000n}{section.4.4}% 30
\BOOKMARK [2][-]{subsection.4.4.2}{\376\377\000R\000i\000d\000g\000e\000\040\000r\000e\000g\000r\000e\000s\000s\000i\000o\000n}{section.4.4}% 31
\BOOKMARK [2][-]{subsection.4.4.3}{\376\377\000L\000A\000S\000S\000O}{section.4.4}% 32
\BOOKMARK [0][-]{chapter.5}{\376\377\000G\000e\000n\000e\000r\000a\000l\000i\000z\000e\000d\000\040\000L\000i\000n\000e\000a\000r\000\040\000M\000o\000d\000e\000l\000s}{}% 33
\BOOKMARK [1][-]{section.5.1}{\376\377\000L\000o\000g\000i\000s\000t\000i\000c\000\040\000r\000e\000g\000r\000e\000s\000s\000i\000o\000n}{chapter.5}% 34
\BOOKMARK [2][-]{subsection.5.1.1}{\376\377\000L\000o\000g\000i\000s\000t\000i\000c\000\040\000r\000e\000g\000r\000e\000s\000s\000i\000o\000n\000\040\000f\000o\000r\000\040\000b\000i\000n\000a\000r\000y\000\040\000o\000u\000t\000c\000o\000m\000e\000s}{section.5.1}% 35
\BOOKMARK [0][-]{chapter.6}{\376\377\000B\000a\000y\000e\000s\000i\000a\000n\000\040\000I\000n\000f\000e\000r\000e\000n\000c\000e}{}% 36
\BOOKMARK [0][-]{chapter.7}{\376\377\000S\000t\000r\000u\000c\000t\000u\000r\000a\000l\000\040\000E\000q\000u\000a\000t\000i\000o\000n\000\040\000M\000o\000d\000e\000l\000\040\000\050\000S\000E\000M\000\051}{}% 37
\BOOKMARK [1][-]{section.7.1}{\376\377\000S\000E\000M\000\040\000m\000o\000d\000e\000l\000s}{chapter.7}% 38
\BOOKMARK [1][-]{section.7.2}{\376\377\000B\000a\000y\000e\000s\000i\000a\000n\000\040\000m\000e\000t\000h\000o\000d\000s\000\040\000f\000o\000r\000\040\000e\000s\000t\000i\000m\000a\000t\000i\000n\000g\000\040\000S\000E\000M}{chapter.7}% 39
\BOOKMARK [2][-]{subsection.7.2.1}{\376\377\000P\000r\000i\000o\000r\000s\000\040\000f\000o\000r\000\040\000S\000E\000M}{section.7.2}% 40
\BOOKMARK [2][-]{subsection.7.2.2}{\376\377\000B\000a\000y\000e\000s\000i\000a\000n\000\040\000e\000s\000t\000i\000m\000a\000t\000i\000o\000n\000\040\000u\000s\000i\000n\000g\000\040\000M\000C\000M\000C}{section.7.2}% 41
\BOOKMARK [1][-]{section.7.3}{\376\377\000B\000a\000y\000e\000s\000i\000a\000n\000\040\000m\000o\000d\000e\000l\000\040\000c\000o\000m\000p\000a\000r\000i\000s\000o\000n}{chapter.7}% 42
\BOOKMARK [1][-]{section.7.4}{\376\377\000H\000i\000e\000r\000a\000r\000c\000h\000i\000c\000a\000l\000\040\000a\000n\000d\000\040\000M\000u\000l\000t\000i\000s\000a\000m\000p\000l\000e\000\040\000D\000a\000t\000a}{chapter.7}% 43
